c:\users\user\desktop\onekick\debug\vc140.pdb
c:\users\user\desktop\onekick\debug\vc140.idb
c:\users\user\desktop\onekick\debug\basebox.obj
c:\users\user\desktop\onekick\debug\basescene.obj
c:\users\user\desktop\onekick\debug\character.obj
c:\users\user\desktop\onekick\debug\charmanager.obj
c:\users\user\desktop\onekick\debug\charselect.obj
c:\users\user\desktop\onekick\debug\config.obj
c:\users\user\desktop\onekick\debug\controller.obj
c:\users\user\desktop\onekick\debug\fighter.obj
c:\users\user\desktop\onekick\debug\fighterlyu.obj
c:\users\user\desktop\onekick\debug\fighterpharaoh.obj
c:\users\user\desktop\onekick\debug\game.obj
c:\users\user\desktop\onekick\debug\iscenechanger.obj
c:\users\user\desktop\onekick\debug\main.obj
c:\users\user\desktop\onekick\debug\menu.obj
c:\users\user\desktop\onekick\debug\scenemanager.obj
c:\users\user\desktop\onekick\debug\title.obj
c:\users\user\desktop\onekick\debug\fightermonkey.obj
c:\users\user\desktop\onekick\debug\fighterotaku.obj
c:\users\user\desktop\onekick\debug\fightergreece.obj
c:\users\user\desktop\onekick\debug\onekick.ilk
c:\users\user\desktop\onekick\debug\onekick.exe
c:\users\user\desktop\onekick\debug\onekick.pdb
c:\users\user\desktop\onekick\debug\onekick.lib
c:\users\user\desktop\onekick\debug\onekick.exp
c:\users\user\desktop\onekick\debug\resource.res
c:\users\user\desktop\onekick\debug\onekick.tlog\cl.command.1.tlog
c:\users\user\desktop\onekick\debug\onekick.tlog\cl.read.1.tlog
c:\users\user\desktop\onekick\debug\onekick.tlog\cl.write.1.tlog
c:\users\user\desktop\onekick\debug\onekick.tlog\link.command.1.tlog
c:\users\user\desktop\onekick\debug\onekick.tlog\link.read.1.tlog
c:\users\user\desktop\onekick\debug\onekick.tlog\link.write.1.tlog
c:\users\user\desktop\onekick\debug\onekick.tlog\onekick.write.1u.tlog
c:\users\user\desktop\onekick\debug\onekick.tlog\rc.command.1.tlog
c:\users\user\desktop\onekick\debug\onekick.tlog\rc.read.1.tlog
c:\users\user\desktop\onekick\debug\onekick.tlog\rc.write.1.tlog
