c:\users\user\desktop\onekick\release\basescene.obj
c:\users\user\desktop\onekick\release\charselect.obj
c:\users\user\desktop\onekick\release\fighterlyu.obj
c:\users\user\desktop\onekick\release\fighterpharaoh.obj
c:\users\user\desktop\onekick\release\scenemanager.obj
c:\users\user\desktop\onekick\release\charmanager.obj
c:\users\user\desktop\onekick\release\controller.obj
c:\users\user\desktop\onekick\release\fightergreece.obj
c:\users\user\desktop\onekick\release\game.obj
c:\users\user\desktop\onekick\release\title.obj
c:\users\user\desktop\onekick\release\character.obj
c:\users\user\desktop\onekick\release\config.obj
c:\users\user\desktop\onekick\release\fightermonkey.obj
c:\users\user\desktop\onekick\release\iscenechanger.obj
c:\users\user\desktop\onekick\release\menu.obj
c:\users\user\desktop\onekick\release\basebox.obj
c:\users\user\desktop\onekick\release\fighter.obj
c:\users\user\desktop\onekick\release\fighterotaku.obj
c:\users\user\desktop\onekick\release\main.obj
c:\users\user\desktop\onekick\release\vc140.pdb
c:\users\user\desktop\onekick\release\onekick.exe
c:\users\user\desktop\onekick\release\onekick.ipdb
c:\users\user\desktop\onekick\release\onekick.iobj
c:\users\user\desktop\onekick\release\onekick.pdb
c:\users\user\desktop\onekick\release\onekick.lib
c:\users\user\desktop\onekick\release\onekick.exp
c:\users\user\desktop\onekick\release\resource.res
c:\users\user\desktop\onekick\release\onekick.tlog\cl.command.1.tlog
c:\users\user\desktop\onekick\release\onekick.tlog\cl.read.1.tlog
c:\users\user\desktop\onekick\release\onekick.tlog\cl.write.1.tlog
c:\users\user\desktop\onekick\release\onekick.tlog\link.command.1.tlog
c:\users\user\desktop\onekick\release\onekick.tlog\link.read.1.tlog
c:\users\user\desktop\onekick\release\onekick.tlog\link.write.1.tlog
c:\users\user\desktop\onekick\release\onekick.tlog\onekick.write.1u.tlog
c:\users\user\desktop\onekick\release\onekick.tlog\rc.command.1.tlog
c:\users\user\desktop\onekick\release\onekick.tlog\rc.read.1.tlog
c:\users\user\desktop\onekick\release\onekick.tlog\rc.write.1.tlog
