  Game.cpp
c:\users\user\desktop\onekick\Basebox.h(23): warning C4458: 'pos' を宣言すると、クラス メンバーが隠蔽されます
  c:\users\user\desktop\onekick\Basebox.h(12): note: 'Basebox::pos' の宣言を確認してください
c:\users\user\desktop\onekick\Basebox.h(27): warning C4458: 'offset' を宣言すると、クラス メンバーが隠蔽されます
  c:\users\user\desktop\onekick\Basebox.h(13): note: 'Basebox::offset' の宣言を確認してください
c:\users\user\desktop\onekick\Controller.h(15): warning C4458: 'index' を宣言すると、クラス メンバーが隠蔽されます
  c:\users\user\desktop\onekick\Controller.h(7): note: 'Controller::index' の宣言を確認してください
c:\users\user\desktop\onekick\Character.h(53): warning C4458: 'status' を宣言すると、クラス メンバーが隠蔽されます
  c:\users\user\desktop\onekick\Character.h(28): note: 'Character::status' の宣言を確認してください
Game.cpp(106): warning C4244: '初期化中': 'double' から 'int' への変換です。データが失われる可能性があります。
Game.cpp(107): warning C4244: '初期化中': 'double' から 'int' への変換です。データが失われる可能性があります。
Game.cpp(149): warning C4244: '引数': 'double' から 's3d::uint32' への変換です。データが失われる可能性があります。
Game.cpp(252): warning C4244: '*=': 'double' から 'int' への変換です。データが失われる可能性があります。
Game.cpp(253): warning C4244: '*=': 'double' から 'int' への変換です。データが失われる可能性があります。
     ライブラリ C:\Users\User\Desktop\OneKick\Release\OneKick.lib とオブジェクト C:\Users\User\Desktop\OneKick\Release\OneKick.exp を作成中
  コード生成しています。
  1 of 648 functions ( 0.2%) were compiled, the rest were copied from previous compilation.
    0 functions were new in current compilation
    1 functions had inline decision re-evaluated but remain unchanged
  コード生成が終了しました。
  OneKick.vcxproj -> C:\Users\User\Desktop\OneKick\Release\OneKick.exe
  OneKick.vcxproj -> C:\Users\User\Desktop\OneKick\Release\OneKick.pdb (Full PDB)
